<?xml version="1.0" encoding="UTF-8"?>
<!-- Generated by org.testng.reporters.JUnitXMLReporter -->
<testsuite ignored="0" hostname="DESKTOP-5FQ3IGC" failures="1" tests="1" name="Default test(failed)" time="0.09" errors="0" timestamp="2021-07-24T15:22:11 IST">
  <testcase classname="SourceBase.webapp.LoginPageTest" name="basePageNavigation" time="0.015">
    <failure type="java.io.FileNotFoundException" message="E:\selenium project\webapp\src\main\java\SourceBase\webapp\data.properties (The system cannot find the file specified)">
      <![CDATA[java.io.FileNotFoundException: E:\selenium project\webapp\src\main\java\SourceBase\webapp\data.properties (The system cannot find the file specified)
at java.base/java.io.FileInputStream.open0(Native Method)
at java.base/java.io.FileInputStream.open(FileInputStream.java:219)
at java.base/java.io.FileInputStream.<init>(FileInputStream.java:157)
at java.base/java.io.FileInputStream.<init>(FileInputStream.java:112)
at resources.Base.initializeDriver(Base.java:23)
at SourceBase.webapp.LoginPageTest.basePageNavigation(LoginPageTest.java:17)
at java.base/java.util.ArrayList.forEach(ArrayList.java:1540)
... Removed 27 stack frames]]>
    </failure>
  </testcase> <!-- basePageNavigation -->
</testsuite> <!-- Default test(failed) -->
