<?xml version="1.0" encoding="UTF-8"?>
<!-- Generated by org.testng.reporters.JUnitXMLReporter -->
<testsuite ignored="0" hostname="DESKTOP-5FQ3IGC" failures="1" tests="23" name="Free CRM App Regression Test Cases" time="501.043" errors="0" timestamp="2021-08-09T09:48:23 IST">
  <testcase classname="com.qa.amazon.testcases.LoginPageTest" name="PageTitleTest" time="0.04"/>
  <testcase classname="com.qa.amazon.testcases.LoginPageTest" name="forgotPasswordTest" time="7.67"/>
  <testcase classname="com.qa.amazon.testcases.LoginPageTest" name="crmProClassicUserTest" time="9.649"/>
  <testcase classname="com.qa.amazon.testcases.LoginPageTest" name="signupLinkTest" time="9.932"/>
  <testcase classname="com.qa.amazon.testcases.LoginPageTest" name="LoginTest" time="7.024"/>
  <testcase classname="com.qa.amazon.testcases.LandingPageTest" name="pageTitleTest" time="0.011"/>
  <testcase classname="com.qa.amazon.testcases.LandingPageTest" name="pageLogoTest" time="60.812">
    <failure type="org.openqa.selenium.NoSuchElementException" message="no such element: Unable to locate element: {&amp;quot;method&amp;quot;:&amp;quot;xpath&amp;quot;,&amp;quot;selector&amp;quot;:&amp;quot;//h11&amp;quot;}
  (Session info: chrome=92.0.4515.131)
For documentation on this error, please visit: https://www.seleniumhq.org/exceptions/no_such_element.html
Build info: version: &amp;apos;3.141.59&amp;apos;, revision: &amp;apos;e82be7d358&amp;apos;, time: &amp;apos;2018-11-14T08:17:03&amp;apos;
System info: host: &amp;apos;DESKTOP-5FQ3IGC&amp;apos;, ip: &amp;apos;192.168.56.1&amp;apos;, os.name: &amp;apos;Windows 10&amp;apos;, os.arch: &amp;apos;amd64&amp;apos;, os.version: &amp;apos;10.0&amp;apos;, java.version: &amp;apos;11.0.7&amp;apos;
Driver info: org.openqa.selenium.chrome.ChromeDriver
Capabilities {acceptInsecureCerts: false, browserName: chrome, browserVersion: 92.0.4515.131, chrome: {chromedriverVersion: 92.0.4515.43 (8c61b7e2989f2..., userDataDir: C:\Users\User\AppData\Local...}, goog:chromeOptions: {debuggerAddress: localhost:62741}, javascriptEnabled: true, networkConnectionEnabled: false, pageLoadStrategy: normal, platform: WINDOWS, platformName: WINDOWS, proxy: Proxy(), setWindowRect: true, strictFileInteractability: false, timeouts: {implicit: 0, pageLoad: 300000, script: 30000}, unhandledPromptBehavior: dismiss and notify, webauthn:extension:credBlob: true, webauthn:extension:largeBlob: true, webauthn:virtualAuthenticators: true}
Session ID: 7ca5cfa396ddabe2c35b8cd69f3beffc
*** Element info: {Using=xpath, value=//h11}">
      <![CDATA[org.openqa.selenium.NoSuchElementException: no such element: Unable to locate element: {"method":"xpath","selector":"//h11"}
  (Session info: chrome=92.0.4515.131)
For documentation on this error, please visit: https://www.seleniumhq.org/exceptions/no_such_element.html
Build info: version: '3.141.59', revision: 'e82be7d358', time: '2018-11-14T08:17:03'
System info: host: 'DESKTOP-5FQ3IGC', ip: '192.168.56.1', os.name: 'Windows 10', os.arch: 'amd64', os.version: '10.0', java.version: '11.0.7'
Driver info: org.openqa.selenium.chrome.ChromeDriver
Capabilities {acceptInsecureCerts: false, browserName: chrome, browserVersion: 92.0.4515.131, chrome: {chromedriverVersion: 92.0.4515.43 (8c61b7e2989f2..., userDataDir: C:\Users\User\AppData\Local...}, goog:chromeOptions: {debuggerAddress: localhost:62741}, javascriptEnabled: true, networkConnectionEnabled: false, pageLoadStrategy: normal, platform: WINDOWS, platformName: WINDOWS, proxy: Proxy(), setWindowRect: true, strictFileInteractability: false, timeouts: {implicit: 0, pageLoad: 300000, script: 30000}, unhandledPromptBehavior: dismiss and notify, webauthn:extension:credBlob: true, webauthn:extension:largeBlob: true, webauthn:virtualAuthenticators: true}
Session ID: 7ca5cfa396ddabe2c35b8cd69f3beffc
*** Element info: {Using=xpath, value=//h11}
at org.openqa.selenium.remote.http.W3CHttpResponseCodec.createException(W3CHttpResponseCodec.java:187)
at org.openqa.selenium.remote.http.W3CHttpResponseCodec.decode(W3CHttpResponseCodec.java:122)
at org.openqa.selenium.remote.http.W3CHttpResponseCodec.decode(W3CHttpResponseCodec.java:49)
at org.openqa.selenium.remote.HttpCommandExecutor.execute(HttpCommandExecutor.java:158)
at org.openqa.selenium.remote.service.DriverCommandExecutor.execute(DriverCommandExecutor.java:83)
at org.openqa.selenium.remote.RemoteWebDriver.execute(RemoteWebDriver.java:552)
at org.openqa.selenium.remote.RemoteWebDriver.findElement(RemoteWebDriver.java:323)
at org.openqa.selenium.remote.RemoteWebDriver.findElementByXPath(RemoteWebDriver.java:428)
at org.openqa.selenium.By$ByXPath.findElement(By.java:353)
at org.openqa.selenium.remote.RemoteWebDriver.findElement(RemoteWebDriver.java:315)
at org.openqa.selenium.support.events.EventFiringWebDriver.lambda$new$1(EventFiringWebDriver.java:105)
at com.sun.proxy.$Proxy10.findElement(Unknown Source)
at org.openqa.selenium.support.events.EventFiringWebDriver.findElement(EventFiringWebDriver.java:194)
at org.openqa.selenium.support.pagefactory.DefaultElementLocator.findElement(DefaultElementLocator.java:69)
at org.openqa.selenium.support.pagefactory.internal.LocatingElementHandler.invoke(LocatingElementHandler.java:38)
at com.sun.proxy.$Proxy14.isDisplayed(Unknown Source)
at com.qa.amazon.pages.LandingPage.pageLogo(LandingPage.java:55)
at com.qa.amazon.testcases.LandingPageTest.pageLogoTest(LandingPageTest.java:46)
at java.base/java.util.ArrayList.forEach(ArrayList.java:1540)
... Removed 35 stack frames]]>
    </failure>
  </testcase> <!-- pageLogoTest -->
  <testcase classname="com.qa.amazon.testcases.LandingPageTest" name="pageSignUpTest" time="0.974"/>
  <testcase classname="com.qa.amazon.testcases.LandingPageTest" name="logInPageTest" time="3.178"/>
  <testcase classname="com.qa.amazon.testcases.HomePageTest" name="homePageatitleTest" time="0.032"/>
  <testcase classname="com.qa.amazon.testcases.HomePageTest" name="homeLinkTest" time="1.884"/>
  <testcase classname="com.qa.amazon.testcases.HomePageTest" name="calendarLinkTest" time="2.314"/>
  <testcase classname="com.qa.amazon.testcases.HomePageTest" name="contactsLinkTest" time="1.795"/>
  <testcase classname="com.qa.amazon.testcases.HomePageTest" name="companiesLinkTest" time="1.566"/>
  <testcase classname="com.qa.amazon.testcases.HomePageTest" name="dealsLinkTest" time="2.321"/>
  <testcase classname="com.qa.amazon.testcases.HomePageTest" name="tasksLinkTest" time="3.251"/>
  <testcase classname="com.qa.amazon.testcases.HomePageTest" name="casesLinkTest" time="2.6"/>
  <testcase classname="com.qa.amazon.testcases.HomePageTest" name="callsLinkTest" time="3.541"/>
  <testcase classname="com.qa.amazon.testcases.HomePageTest" name="documentsLinkTest" time="3.27"/>
  <testcase classname="com.qa.amazon.testcases.HomePageTest" name="emailLinkTest" time="2.961"/>
  <testcase classname="com.qa.amazon.testcases.HomePageTest" name="campaignsLinkTest" time="3.932"/>
  <testcase classname="com.qa.amazon.testcases.HomePageTest" name="formsLinkTest" time="1.613"/>
  <testcase classname="com.qa.amazon.testcases.HomePageTest" name="userNameTest" time="2.592"/>
</testsuite> <!-- Free CRM App Regression Test Cases -->
