<html>
<head>
<title>TestNG:  Free CRM App Regression Test Cases</title>
<link href="../testng.css" rel="stylesheet" type="text/css" />
<link href="../my-testng.css" rel="stylesheet" type="text/css" />

<style type="text/css">
.log { display: none;} 
.stack-trace { display: none;} 
</style>
<script type="text/javascript">
<!--
function flip(e) {
  current = e.style.display;
  if (current == 'block') {
    e.style.display = 'none';
    return 0;
  }
  else {
    e.style.display = 'block';
    return 1;
  }
}

function toggleBox(szDivId, elem, msg1, msg2)
{
  var res = -1;  if (document.getElementById) {
    res = flip(document.getElementById(szDivId));
  }
  else if (document.all) {
    // this is the way old msie versions work
    res = flip(document.all[szDivId]);
  }
  if(elem) {
    if(res == 0) elem.innerHTML = msg1; else elem.innerHTML = msg2;
  }

}

function toggleAllBoxes() {
  if (document.getElementsByTagName) {
    d = document.getElementsByTagName('div');
    for (i = 0; i < d.length; i++) {
      if (d[i].className == 'log') {
        flip(d[i]);
      }
    }
  }
}

// -->
</script>

</head>
<body>
<h2 align='center'>Free CRM App Regression Test Cases</h2><table border='1' align="center">
<tr>
<td>Tests passed/Failed/Skipped:</td><td>22/1/0</td>
</tr><tr>
<td>Started on:</td><td>Mon Aug 09 09:40:02 IST 2021</td>
</tr>
<tr><td>Total time:</td><td>501 seconds (501043 ms)</td>
</tr><tr>
<td>Included groups:</td><td></td>
</tr><tr>
<td>Excluded groups:</td><td></td>
</tr>
</table><p/>
<small><i>(Hover the method name to see the test class name)</i></small><p/>
<table width='100%' border='1' class='invocation-failed'>
<tr><td colspan='4' align='center'><b>FAILED TESTS</b></td></tr>
<tr><td><b>Test method</b></td>
<td width="30%"><b>Exception</b></td>
<td width="10%"><b>Time (seconds)</b></td>
<td><b>Instance</b></td>
</tr>
<tr>
<td title='com.qa.amazon.testcases.LandingPageTest.pageLogoTest()'><b>pageLogoTest</b><br>Test class: com.qa.amazon.testcases.LandingPageTest</td>
<td><div><pre>org.openqa.selenium.NoSuchElementException: no such element: Unable to locate element: {&quot;method&quot;:&quot;xpath&quot;,&quot;selector&quot;:&quot;//h11&quot;}
  (Session info: chrome=92.0.4515.131)
For documentation on this error, please visit: https://www.seleniumhq.org/exceptions/no_such_element.html
Build info: version: &apos;3.141.59&apos;, revision: &apos;e82be7d358&apos;, time: &apos;2018-11-14T08:17:03&apos;
System info: host: &apos;DESKTOP-5FQ3IGC&apos;, ip: &apos;192.168.56.1&apos;, os.name: &apos;Windows 10&apos;, os.arch: &apos;amd64&apos;, os.version: &apos;10.0&apos;, java.version: &apos;11.0.7&apos;
Driver info: org.openqa.selenium.chrome.ChromeDriver
Capabilities {acceptInsecureCerts: false, browserName: chrome, browserVersion: 92.0.4515.131, chrome: {chromedriverVersion: 92.0.4515.43 (8c61b7e2989f2..., userDataDir: C:\Users\User\AppData\Local...}, goog:chromeOptions: {debuggerAddress: localhost:62741}, javascriptEnabled: true, networkConnectionEnabled: false, pageLoadStrategy: normal, platform: WINDOWS, platformName: WINDOWS, proxy: Proxy(), setWindowRect: true, strictFileInteractability: false, timeouts: {implicit: 0, pageLoad: 300000, script: 30000}, unhandledPromptBehavior: dismiss and notify, webauthn:extension:credBlob: true, webauthn:extension:largeBlob: true, webauthn:virtualAuthenticators: true}
Session ID: 7ca5cfa396ddabe2c35b8cd69f3beffc
*** Element info: {Using=xpath, value=//h11}
	at org.openqa.selenium.remote.http.W3CHttpResponseCodec.createException(W3CHttpResponseCodec.java:187)
	at org.openqa.selenium.remote.http.W3CHttpResponseCodec.decode(W3CHttpResponseCodec.java:122)
	at org.openqa.selenium.remote.http.W3CHttpResponseCodec.decode(W3CHttpResponseCodec.java:49)
	at org.openqa.selenium.remote.HttpCommandExecutor.execute(HttpCommandExecutor.java:158)
	at org.openqa.selenium.remote.service.DriverCommandExecutor.execute(DriverCommandExecutor.java:83)
	at org.openqa.selenium.remote.RemoteWebDriver.execute(RemoteWebDriver.java:552)
	at org.openqa.selenium.remote.RemoteWebDriver.findElement(RemoteWebDriver.java:323)
	at org.openqa.selenium.remote.RemoteWebDriver.findElementByXPath(RemoteWebDriver.java:428)
	at org.openqa.selenium.By$ByXPath.findElement(By.java:353)
	at org.openqa.selenium.remote.RemoteWebDriver.findElement(RemoteWebDriver.java:315)
	at org.openqa.selenium.support.events.EventFiringWebDriver.lambda$new$1(EventFiringWebDriver.java:105)
	at com.sun.proxy.$Proxy10.findElement(Unknown Source)
	at org.openqa.selenium.support.events.EventFiringWebDriver.findElement(EventFiringWebDriver.java:194)
	at org.openqa.selenium.support.pagefactory.DefaultElementLocator.findElement(DefaultElementLocator.java:69)
	at org.openqa.selenium.support.pagefactory.internal.LocatingElementHandler.invoke(LocatingElementHandler.java:38)
	at com.sun.proxy.$Proxy14.isDisplayed(Unknown Source)
	at com.qa.amazon.pages.LandingPage.pageLogo(LandingPage.java:55)
	at com.qa.amazon.testcases.LandingPageTest.pageLogoTest(LandingPageTest.java:46)
	at java.base/java.util.ArrayList.forEach(ArrayList.java:1540)
... Removed 35 stack frames</pre></div><a href='#' onClick='toggleBox("stack-trace1198158701", this, "Click to show all stack frames", "Click to hide stack frames")'>Click to show all stack frames</a>
<div class='stack-trace' id='stack-trace1198158701'><pre>org.openqa.selenium.NoSuchElementException: no such element: Unable to locate element: {&quot;method&quot;:&quot;xpath&quot;,&quot;selector&quot;:&quot;//h11&quot;}
  (Session info: chrome=92.0.4515.131)
For documentation on this error, please visit: https://www.seleniumhq.org/exceptions/no_such_element.html
Build info: version: &apos;3.141.59&apos;, revision: &apos;e82be7d358&apos;, time: &apos;2018-11-14T08:17:03&apos;
System info: host: &apos;DESKTOP-5FQ3IGC&apos;, ip: &apos;192.168.56.1&apos;, os.name: &apos;Windows 10&apos;, os.arch: &apos;amd64&apos;, os.version: &apos;10.0&apos;, java.version: &apos;11.0.7&apos;
Driver info: org.openqa.selenium.chrome.ChromeDriver
Capabilities {acceptInsecureCerts: false, browserName: chrome, browserVersion: 92.0.4515.131, chrome: {chromedriverVersion: 92.0.4515.43 (8c61b7e2989f2..., userDataDir: C:\Users\User\AppData\Local...}, goog:chromeOptions: {debuggerAddress: localhost:62741}, javascriptEnabled: true, networkConnectionEnabled: false, pageLoadStrategy: normal, platform: WINDOWS, platformName: WINDOWS, proxy: Proxy(), setWindowRect: true, strictFileInteractability: false, timeouts: {implicit: 0, pageLoad: 300000, script: 30000}, unhandledPromptBehavior: dismiss and notify, webauthn:extension:credBlob: true, webauthn:extension:largeBlob: true, webauthn:virtualAuthenticators: true}
Session ID: 7ca5cfa396ddabe2c35b8cd69f3beffc
*** Element info: {Using=xpath, value=//h11}
	at java.base/jdk.internal.reflect.NativeConstructorAccessorImpl.newInstance0(Native Method)
	at java.base/jdk.internal.reflect.NativeConstructorAccessorImpl.newInstance(NativeConstructorAccessorImpl.java:62)
	at java.base/jdk.internal.reflect.DelegatingConstructorAccessorImpl.newInstance(DelegatingConstructorAccessorImpl.java:45)
	at java.base/java.lang.reflect.Constructor.newInstance(Constructor.java:490)
	at org.openqa.selenium.remote.http.W3CHttpResponseCodec.createException(W3CHttpResponseCodec.java:187)
	at org.openqa.selenium.remote.http.W3CHttpResponseCodec.decode(W3CHttpResponseCodec.java:122)
	at org.openqa.selenium.remote.http.W3CHttpResponseCodec.decode(W3CHttpResponseCodec.java:49)
	at org.openqa.selenium.remote.HttpCommandExecutor.execute(HttpCommandExecutor.java:158)
	at org.openqa.selenium.remote.service.DriverCommandExecutor.execute(DriverCommandExecutor.java:83)
	at org.openqa.selenium.remote.RemoteWebDriver.execute(RemoteWebDriver.java:552)
	at org.openqa.selenium.remote.RemoteWebDriver.findElement(RemoteWebDriver.java:323)
	at org.openqa.selenium.remote.RemoteWebDriver.findElementByXPath(RemoteWebDriver.java:428)
	at org.openqa.selenium.By$ByXPath.findElement(By.java:353)
	at org.openqa.selenium.remote.RemoteWebDriver.findElement(RemoteWebDriver.java:315)
	at java.base/jdk.internal.reflect.NativeMethodAccessorImpl.invoke0(Native Method)
	at java.base/jdk.internal.reflect.NativeMethodAccessorImpl.invoke(NativeMethodAccessorImpl.java:62)
	at java.base/jdk.internal.reflect.DelegatingMethodAccessorImpl.invoke(DelegatingMethodAccessorImpl.java:43)
	at java.base/java.lang.reflect.Method.invoke(Method.java:566)
	at org.openqa.selenium.support.events.EventFiringWebDriver.lambda$new$1(EventFiringWebDriver.java:105)
	at com.sun.proxy.$Proxy10.findElement(Unknown Source)
	at org.openqa.selenium.support.events.EventFiringWebDriver.findElement(EventFiringWebDriver.java:194)
	at org.openqa.selenium.support.pagefactory.DefaultElementLocator.findElement(DefaultElementLocator.java:69)
	at org.openqa.selenium.support.pagefactory.internal.LocatingElementHandler.invoke(LocatingElementHandler.java:38)
	at com.sun.proxy.$Proxy14.isDisplayed(Unknown Source)
	at com.qa.amazon.pages.LandingPage.pageLogo(LandingPage.java:55)
	at com.qa.amazon.testcases.LandingPageTest.pageLogoTest(LandingPageTest.java:46)
	at java.base/jdk.internal.reflect.NativeMethodAccessorImpl.invoke0(Native Method)
	at java.base/jdk.internal.reflect.NativeMethodAccessorImpl.invoke(NativeMethodAccessorImpl.java:62)
	at java.base/jdk.internal.reflect.DelegatingMethodAccessorImpl.invoke(DelegatingMethodAccessorImpl.java:43)
	at java.base/java.lang.reflect.Method.invoke(Method.java:566)
	at org.testng.internal.MethodInvocationHelper.invokeMethod(MethodInvocationHelper.java:135)
	at org.testng.internal.TestInvoker.invokeMethod(TestInvoker.java:598)
	at org.testng.internal.TestInvoker.invokeTestMethod(TestInvoker.java:174)
	at org.testng.internal.MethodRunner.runInSequence(MethodRunner.java:46)
	at org.testng.internal.TestInvoker$MethodInvocationAgent.invoke(TestInvoker.java:821)
	at org.testng.internal.TestInvoker.invokeTestMethods(TestInvoker.java:147)
	at org.testng.internal.TestMethodWorker.invokeTestMethods(TestMethodWorker.java:146)
	at org.testng.internal.TestMethodWorker.run(TestMethodWorker.java:128)
	at java.base/java.util.ArrayList.forEach(ArrayList.java:1540)
	at org.testng.TestRunner.privateRun(TestRunner.java:767)
	at org.testng.TestRunner.run(TestRunner.java:588)
	at org.testng.SuiteRunner.runTest(SuiteRunner.java:384)
	at org.testng.SuiteRunner.runSequentially(SuiteRunner.java:378)
	at org.testng.SuiteRunner.privateRun(SuiteRunner.java:337)
	at org.testng.SuiteRunner.run(SuiteRunner.java:286)
	at org.testng.SuiteRunnerWorker.runSuite(SuiteRunnerWorker.java:53)
	at org.testng.SuiteRunnerWorker.run(SuiteRunnerWorker.java:96)
	at org.testng.TestNG.runSuitesSequentially(TestNG.java:1214)
	at org.testng.TestNG.runSuitesLocally(TestNG.java:1136)
	at org.testng.TestNG.runSuites(TestNG.java:1066)
	at org.testng.TestNG.run(TestNG.java:1034)
	at org.testng.remote.AbstractRemoteTestNG.run(AbstractRemoteTestNG.java:115)
	at org.testng.remote.RemoteTestNG.initAndRun(RemoteTestNG.java:251)
	at org.testng.remote.RemoteTestNG.main(RemoteTestNG.java:77)
</pre></div></td>
<td>60</td>
<td>com.qa.amazon.testcases.LandingPageTest@c333c60</td></tr>
</table><p>
<table width='100%' border='1' class='invocation-passed'>
<tr><td colspan='4' align='center'><b>PASSED TESTS</b></td></tr>
<tr><td><b>Test method</b></td>
<td width="30%"><b>Exception</b></td>
<td width="10%"><b>Time (seconds)</b></td>
<td><b>Instance</b></td>
</tr>
<tr>
<td title='com.qa.amazon.testcases.LoginPageTest.LoginTest()'><b>LoginTest</b><br>Test class: com.qa.amazon.testcases.LoginPageTest</td>
<td></td>
<td>7</td>
<td>com.qa.amazon.testcases.LoginPageTest@11bd0f3b</td></tr>
<tr>
<td title='com.qa.amazon.testcases.LoginPageTest.PageTitleTest()'><b>PageTitleTest</b><br>Test class: com.qa.amazon.testcases.LoginPageTest</td>
<td></td>
<td>0</td>
<td>com.qa.amazon.testcases.LoginPageTest@11bd0f3b</td></tr>
<tr>
<td title='com.qa.amazon.testcases.HomePageTest.calendarLinkTest()'><b>calendarLinkTest</b><br>Test class: com.qa.amazon.testcases.HomePageTest</td>
<td></td>
<td>2</td>
<td>com.qa.amazon.testcases.HomePageTest@79da8dc5</td></tr>
<tr>
<td title='com.qa.amazon.testcases.HomePageTest.callsLinkTest()'><b>callsLinkTest</b><br>Test class: com.qa.amazon.testcases.HomePageTest</td>
<td></td>
<td>3</td>
<td>com.qa.amazon.testcases.HomePageTest@79da8dc5</td></tr>
<tr>
<td title='com.qa.amazon.testcases.HomePageTest.campaignsLinkTest()'><b>campaignsLinkTest</b><br>Test class: com.qa.amazon.testcases.HomePageTest</td>
<td></td>
<td>3</td>
<td>com.qa.amazon.testcases.HomePageTest@79da8dc5</td></tr>
<tr>
<td title='com.qa.amazon.testcases.HomePageTest.casesLinkTest()'><b>casesLinkTest</b><br>Test class: com.qa.amazon.testcases.HomePageTest</td>
<td></td>
<td>2</td>
<td>com.qa.amazon.testcases.HomePageTest@79da8dc5</td></tr>
<tr>
<td title='com.qa.amazon.testcases.HomePageTest.companiesLinkTest()'><b>companiesLinkTest</b><br>Test class: com.qa.amazon.testcases.HomePageTest</td>
<td></td>
<td>1</td>
<td>com.qa.amazon.testcases.HomePageTest@79da8dc5</td></tr>
<tr>
<td title='com.qa.amazon.testcases.HomePageTest.contactsLinkTest()'><b>contactsLinkTest</b><br>Test class: com.qa.amazon.testcases.HomePageTest</td>
<td></td>
<td>1</td>
<td>com.qa.amazon.testcases.HomePageTest@79da8dc5</td></tr>
<tr>
<td title='com.qa.amazon.testcases.LoginPageTest.crmProClassicUserTest()'><b>crmProClassicUserTest</b><br>Test class: com.qa.amazon.testcases.LoginPageTest</td>
<td></td>
<td>9</td>
<td>com.qa.amazon.testcases.LoginPageTest@11bd0f3b</td></tr>
<tr>
<td title='com.qa.amazon.testcases.HomePageTest.dealsLinkTest()'><b>dealsLinkTest</b><br>Test class: com.qa.amazon.testcases.HomePageTest</td>
<td></td>
<td>2</td>
<td>com.qa.amazon.testcases.HomePageTest@79da8dc5</td></tr>
<tr>
<td title='com.qa.amazon.testcases.HomePageTest.documentsLinkTest()'><b>documentsLinkTest</b><br>Test class: com.qa.amazon.testcases.HomePageTest</td>
<td></td>
<td>3</td>
<td>com.qa.amazon.testcases.HomePageTest@79da8dc5</td></tr>
<tr>
<td title='com.qa.amazon.testcases.HomePageTest.emailLinkTest()'><b>emailLinkTest</b><br>Test class: com.qa.amazon.testcases.HomePageTest</td>
<td></td>
<td>2</td>
<td>com.qa.amazon.testcases.HomePageTest@79da8dc5</td></tr>
<tr>
<td title='com.qa.amazon.testcases.LoginPageTest.forgotPasswordTest()'><b>forgotPasswordTest</b><br>Test class: com.qa.amazon.testcases.LoginPageTest</td>
<td></td>
<td>7</td>
<td>com.qa.amazon.testcases.LoginPageTest@11bd0f3b</td></tr>
<tr>
<td title='com.qa.amazon.testcases.HomePageTest.formsLinkTest()'><b>formsLinkTest</b><br>Test class: com.qa.amazon.testcases.HomePageTest</td>
<td></td>
<td>1</td>
<td>com.qa.amazon.testcases.HomePageTest@79da8dc5</td></tr>
<tr>
<td title='com.qa.amazon.testcases.HomePageTest.homeLinkTest()'><b>homeLinkTest</b><br>Test class: com.qa.amazon.testcases.HomePageTest</td>
<td></td>
<td>1</td>
<td>com.qa.amazon.testcases.HomePageTest@79da8dc5</td></tr>
<tr>
<td title='com.qa.amazon.testcases.HomePageTest.homePageatitleTest()'><b>homePageatitleTest</b><br>Test class: com.qa.amazon.testcases.HomePageTest</td>
<td></td>
<td>0</td>
<td>com.qa.amazon.testcases.HomePageTest@79da8dc5</td></tr>
<tr>
<td title='com.qa.amazon.testcases.LandingPageTest.logInPageTest()'><b>logInPageTest</b><br>Test class: com.qa.amazon.testcases.LandingPageTest</td>
<td></td>
<td>3</td>
<td>com.qa.amazon.testcases.LandingPageTest@c333c60</td></tr>
<tr>
<td title='com.qa.amazon.testcases.LandingPageTest.pageSignUpTest()'><b>pageSignUpTest</b><br>Test class: com.qa.amazon.testcases.LandingPageTest</td>
<td></td>
<td>0</td>
<td>com.qa.amazon.testcases.LandingPageTest@c333c60</td></tr>
<tr>
<td title='com.qa.amazon.testcases.LandingPageTest.pageTitleTest()'><b>pageTitleTest</b><br>Test class: com.qa.amazon.testcases.LandingPageTest</td>
<td></td>
<td>0</td>
<td>com.qa.amazon.testcases.LandingPageTest@c333c60</td></tr>
<tr>
<td title='com.qa.amazon.testcases.LoginPageTest.signupLinkTest()'><b>signupLinkTest</b><br>Test class: com.qa.amazon.testcases.LoginPageTest</td>
<td></td>
<td>9</td>
<td>com.qa.amazon.testcases.LoginPageTest@11bd0f3b</td></tr>
<tr>
<td title='com.qa.amazon.testcases.HomePageTest.tasksLinkTest()'><b>tasksLinkTest</b><br>Test class: com.qa.amazon.testcases.HomePageTest</td>
<td></td>
<td>3</td>
<td>com.qa.amazon.testcases.HomePageTest@79da8dc5</td></tr>
<tr>
<td title='com.qa.amazon.testcases.HomePageTest.userNameTest()'><b>userNameTest</b><br>Test class: com.qa.amazon.testcases.HomePageTest</td>
<td></td>
<td>2</td>
<td>com.qa.amazon.testcases.HomePageTest@79da8dc5</td></tr>
</table><p>
</body>
</html>